Watching for file changes with StatReloader
Watching for file changes with StatReloader
Watching for file changes with StatReloader
/home/yadhir/Documentos/carproject/agencia/api/views/common_views.py changed, reloading.
Watching for file changes with StatReloader
/home/yadhir/Documentos/carproject/agencia/api/views/common_views.py changed, reloading.
Watching for file changes with StatReloader
Watching for file changes with StatReloader
Watching for file changes with StatReloader
Watching for file changes with StatReloader
Not Found: /
"GET / HTTP/1.1" 404 2302
Not Found: /favicon.ico
"GET /favicon.ico HTTP/1.1" 404 2353
Not Found: /api/
"GET /api/ HTTP/1.1" 404 4615
Watching for file changes with StatReloader
Watching for file changes with StatReloader
Not Found: /
"GET / HTTP/1.1" 404 2302
Not Found: /favicon.ico
"GET /favicon.ico HTTP/1.1" 404 2353
"GET /admin/ HTTP/1.1" 302 0
"GET /admin/login/?next=/admin/ HTTP/1.1" 200 4225
"GET /static/admin/css/dark_mode.css HTTP/1.1" 200 2808
"GET /static/admin/css/nav_sidebar.css HTTP/1.1" 200 2810
"GET /static/admin/css/login.css HTTP/1.1" 200 951
"GET /static/admin/css/base.css HTTP/1.1" 200 22120
"GET /static/admin/js/theme.js HTTP/1.1" 200 1653
"GET /static/admin/css/responsive.css HTTP/1.1" 200 16565
"GET /static/admin/js/nav_sidebar.js HTTP/1.1" 200 3063
"POST /admin/login/?next=/admin/ HTTP/1.1" 302 0
"GET /admin/ HTTP/1.1" 200 7502
"GET /static/admin/css/dashboard.css HTTP/1.1" 200 441
"GET /static/admin/img/icon-addlink.svg HTTP/1.1" 200 331
"GET /static/admin/img/icon-changelink.svg HTTP/1.1" 200 380
/home/yadhir/Documentos/carproject/core/urls.py changed, reloading.
Watching for file changes with StatReloader
Watching for file changes with StatReloader
/home/yadhir/Documentos/carproject/agencia/api/urls.py changed, reloading.
Watching for file changes with StatReloader
Watching for file changes with StatReloader
"POST /api/auth/login/ HTTP/1.1" 200 690
/home/yadhir/Documentos/carproject/users/api/views.py changed, reloading.
Watching for file changes with StatReloader
/home/yadhir/Documentos/carproject/users/api/views.py changed, reloading.
Watching for file changes with StatReloader
Watching for file changes with StatReloader
/home/yadhir/Documentos/carproject/users/api/views.py changed, reloading.
Watching for file changes with StatReloader
/home/yadhir/Documentos/carproject/users/api/views.py changed, reloading.
Watching for file changes with StatReloader
Watching for file changes with StatReloader
"POST /api/auth/login/ HTTP/1.1" 200 690
"POST /api/auth/login/ HTTP/1.1" 200 690
Unauthorized: /api/auth/me/
"GET /api/auth/me/ HTTP/1.1" 401 123
"POST /api/auth/login/ HTTP/1.1" 200 690
"POST /api/auth/login/ HTTP/1.1" 200 699
"POST /api/auth/login/ HTTP/1.1" 200 704
"GET /api/auth/me/ HTTP/1.1" 200 193
Bad Request: /api/auth/logout/
"POST /api/auth/logout/ HTTP/1.1" 400 27
"GET /api/marcas/ HTTP/1.1" 200 131
"GET /api/marcas/1/modelos/ HTTP/1.1" 200 162
"GET /api/marcas/2/modelos/ HTTP/1.1" 200 165
"GET /api/servicios-taller/ HTTP/1.1" 200 774
"GET /api/tipos-usuarios/ HTTP/1.1" 200 265
"GET /api/cliente/vehiculos/ HTTP/1.1" 200 52
"POST /api/cliente/vehiculos/ HTTP/1.1" 201 60
"GET /api/cliente/vehiculos/ HTTP/1.1" 200 301
Bad Request: /api/cliente/vehiculos/1/
"PUT /api/cliente/vehiculos/1/ HTTP/1.1" 400 55
"GET /api/cliente/vehiculos/1/ HTTP/1.1" 200 249
"GET /api/cliente/vehiculos/1/ HTTP/1.1" 200 249
Bad Request: /api/cliente/vehiculos/1/
"PUT /api/cliente/vehiculos/1/ HTTP/1.1" 400 55
"PUT /api/cliente/vehiculos/1/ HTTP/1.1" 200 260
"GET /api/cliente/solicitudes/ HTTP/1.1" 200 52
"POST /api/cliente/solicitudes/ HTTP/1.1" 201 124
"GET /api/cliente/solicitudes/1/ HTTP/1.1" 200 569
"GET /api/cliente/reservaciones/ HTTP/1.1" 200 52
Not Found: /api/cliente/reservaciones/1/
"GET /api/cliente/reservaciones/1/ HTTP/1.1" 404 52
"GET /api/asistente/solicitudes/ HTTP/1.1" 200 621
"GET /api/asistente/solicitudes/1/ HTTP/1.1" 200 569
"PATCH /api/asistente/solicitudes/1/estado/ HTTP/1.1" 200 566
Bad Request: /api/asistente/solicitudes/1/detalle/
"POST /api/asistente/solicitudes/1/detalle/ HTTP/1.1" 400 45
"GET /api/asistente/reservaciones/ HTTP/1.1" 200 52
"POST /api/asistente/reservaciones/ HTTP/1.1" 201 181
"GET /api/cliente/reservaciones/ HTTP/1.1" 200 574
/home/yadhir/Documentos/carproject/users/api/views.py changed, reloading.
Watching for file changes with StatReloader
Watching for file changes with StatReloader
"POST /api/auth/login/ HTTP/1.1" 200 690
"POST /api/auth/login/ HTTP/1.1" 200 699
"POST /api/auth/login/ HTTP/1.1" 200 704
Watching for file changes with StatReloader
Watching for file changes with StatReloader
Watching for file changes with StatReloader
Unauthorized: /api/cliente/vehiculos/
"GET /api/cliente/vehiculos/ HTTP/1.1" 401 184
"POST /api/auth/login/ HTTP/1.1" 200 690
"POST /api/cliente/vehiculos/ HTTP/1.1" 201 61
"GET /api/cliente/vehiculos/ HTTP/1.1" 200 563
"GET /api/cliente/vehiculos/1/ HTTP/1.1" 200 260
"GET /api/cliente/solicitudes/ HTTP/1.1" 200 716
"POST /api/cliente/solicitudes/ HTTP/1.1" 201 111
"GET /api/cliente/solicitudes/ HTTP/1.1" 200 1263
"GET /api/cliente/reservaciones/ HTTP/1.1" 200 574
"PUT /api/cliente/reservaciones/1/cancelar/ HTTP/1.1" 200 522
"GET /api/cliente/reservaciones/ HTTP/1.1" 200 574
Unauthorized: /api/asistente/solicitudes/
"GET /api/asistente/solicitudes/ HTTP/1.1" 401 184
"POST /api/auth/login/ HTTP/1.1" 200 699
